<?xml version="1.0" encoding="UTF-8"?>
<!-- Generated by org.testng.reporters.JUnitReportReporter -->
<testsuite hostname="HP" failures="0" tests="1" name="com.practice.testcases.Login_TC" time="6.308" errors="0" timestamp="2021-06-08T20:47:04 IST" skipped="0">
  <testcase classname="com.practice.testcases.Login_TC" name="logintestcase" time="6.308"/>
  <system-out/>
</testsuite> <!-- com.practice.testcases.Login_TC -->
